LM@DESKTOP-OMHDT69 MINGW64 /c/funk
$ git clone https://github.com/ovs48/pico_tnc.git
cd pico_tnc
git submodule init
git submodule update
mkdir build
cd build
Cloning into 'pico_tnc'...
remote: Enumerating objects: 168, done.
remote: Counting objects: 100% (168/168), done.
remote: Compressing objects: 100% (113/113), done.
remote: Total 168 (delta 102), reused 116 (delta 54), pack-reused 0
Receiving objects: 100% (168/168), 337.82 KiB | 2.96 MiB/s, done.
Resolving deltas: 100% (102/102), done.
Submodule 'pico_tnc/pico-ssd1306' (https://github.com/daschr/pico-ssd1306) registered for path 'pico_tnc/pico-ssd1306'
Cloning into 'C:/funk/pico_tnc/pico_tnc/pico-ssd1306'...
Submodule path 'pico_tnc/pico-ssd1306': checked out '14f47f6a8abe9bfd8f4bcf92533ac6f5a7fbbe8e'

LM@DESKTOP-OMHDT69 MINGW64 /c/funk/pico_tnc/build (master)
$ cmake -G "MinGW Makefiles" ..
Using PICO_SDK_PATH from environment ('C:\VSARM\sdk\pico\pico-sdk')
PICO_SDK_PATH is C:/VSARM/sdk/pico/pico-sdk
Defaulting PICO_PLATFORM to rp2040 since not specified.
Defaulting PICO platform compiler to pico_arm_gcc since not specified.
-- Defaulting build type to 'Release' since not specified.
PICO compiler is pico_arm_gcc
-- The C compiler identification is GNU 11.2.1
-- The CXX compiler identification is GNU 11.2.1
-- The ASM compiler identification is GNU
-- Found assembler: C:/VSARM/armcc/11-2022/bin/arm-none-eabi-gcc.exe
Defaulting PICO target board to pico since not specified.
Using board configuration from C:/VSARM/sdk/pico/pico-sdk/src/boards/include/boards/pico.h
-- Found Python3: C:/Users/LM/AppData/Local/Programs/Python/Python310/python.exe (found version "3.10.3") found components: Interpreter
TinyUSB available at C:/VSARM/sdk/pico/pico-sdk/lib/tinyusb/src/portable/raspberrypi/rp2040; enabling build support for USB.
-- Configuring done
-- Generating done
-- Build files have been written to: C:/funk/pico_tnc/build

LM@DESKTOP-OMHDT69 MINGW64 /c/funk/pico_tnc/build (master)
$ make -j6
Scanning dependencies of target bs2_default
[  0%] Creating directories for 'ELF2UF2Build'
[  1%] Creating directories for 'PioasmBuild'
[  1%] Building ASM object pico-sdk/src/rp2_common/boot_stage2/CMakeFiles/bs2_default.dir/compile_time_choice.S.obj
[  2%] Linking ASM executable bs2_default.elf
[  3%] No download step for 'ELF2UF2Build'
[  3%] No download step for 'PioasmBuild'
[  3%] Built target bs2_default
[  4%] Generating bs2_default.bin
[  6%] No update step for 'ELF2UF2Build'
[  6%] No update step for 'PioasmBuild'
[  7%] Generating bs2_default_padded_checksummed.S
[  9%] No patch step for 'ELF2UF2Build'
[  9%] No patch step for 'PioasmBuild'
[  9%] Built target bs2_default_padded_checksummed_asm
[ 11%] Performing configure step for 'PioasmBuild'
[ 11%] Performing configure step for 'ELF2UF2Build'
-- The C compiler identification is GNU 8.1.0
-- The CXX compiler identification is GNU 8.1.0
-- Detecting CXX compiler ABI info
-- The CXX compiler identification is GNU 8.1.0
-- Detecting C compiler ABI info
-- Detecting CXX compiler ABI info - done
-- Check for working CXX compiler: C:/VSARM/mingw/mingw32/bin/g++.exe - skipped
-- Detecting CXX compile features
-- Detecting CXX compile features - done
-- Configuring done
-- Generating done
-- Build files have been written to: C:/funk/pico_tnc/build/pioasm
[ 12%] Performing build step for 'PioasmBuild'
-- Detecting C compiler ABI info - done
-- Check for working C compiler: C:/VSARM/mingw/mingw32/bin/gcc.exe - skipped
-- Detecting C compile features
-- Detecting C compile features - done
-- Detecting CXX compiler ABI info
[ 10%] Building CXX object CMakeFiles/pioasm.dir/main.cpp.obj
[ 20%] Building CXX object CMakeFiles/pioasm.dir/pio_assembler.cpp.obj
[ 30%] Building CXX object CMakeFiles/pioasm.dir/pio_disassembler.cpp.obj
[ 40%] Building CXX object CMakeFiles/pioasm.dir/gen/lexer.cpp.obj
[ 50%] Building CXX object CMakeFiles/pioasm.dir/gen/parser.cpp.obj
-- Detecting CXX compiler ABI info - done
-- Check for working CXX compiler: C:/VSARM/mingw/mingw32/bin/g++.exe - skipped
-- Detecting CXX compile features
-- Detecting CXX compile features - done
-- Configuring done
-- Generating done
[ 60%] Building CXX object CMakeFiles/pioasm.dir/c_sdk_output.cpp.obj
-- Build files have been written to: C:/funk/pico_tnc/build/elf2uf2
[ 13%] Performing build step for 'ELF2UF2Build'
[ 50%] Building CXX object CMakeFiles/elf2uf2.dir/main.cpp.obj
[ 70%] Building CXX object CMakeFiles/pioasm.dir/python_output.cpp.obj
[ 80%] Building CXX object CMakeFiles/pioasm.dir/hex_output.cpp.obj
[ 90%] Building CXX object CMakeFiles/pioasm.dir/ada_output.cpp.obj
[100%] Linking CXX executable elf2uf2.exe
[100%] Built target elf2uf2
[ 14%] No install step for 'ELF2UF2Build'
[100%] Linking CXX executable pioasm.exe
[ 14%] Completed 'ELF2UF2Build'
[ 14%] Built target ELF2UF2Build
[100%] Built target pioasm
[ 15%] No install step for 'PioasmBuild'
[ 16%] Completed 'PioasmBuild'
[ 16%] Built target PioasmBuild
[ 17%] Generating pio_dac.pio.h
[ 17%] Built target pico_tnc_pio_dac_pio_h
Scanning dependencies of target pico_tnc
[ 18%] Building C object pico_tnc/CMakeFiles/pico_tnc.dir/main.c.obj
[ 18%] Building C object pico_tnc/CMakeFiles/pico_tnc.dir/tnc.c.obj
[ 19%] Building C object pico_tnc/CMakeFiles/pico_tnc.dir/send.c.obj
[ 20%] Building C object pico_tnc/CMakeFiles/pico_tnc.dir/receive.c.obj
[ 21%] Building C object pico_tnc/CMakeFiles/pico_tnc.dir/decode.c.obj
[ 22%] Building C object pico_tnc/CMakeFiles/pico_tnc.dir/filter.c.obj
[ 22%] Building C object pico_tnc/CMakeFiles/pico_tnc.dir/bell202.c.obj
[ 23%] Building C object pico_tnc/CMakeFiles/pico_tnc.dir/ax25.c.obj
[ 24%] Building C object pico_tnc/CMakeFiles/pico_tnc.dir/test.c.obj
[ 25%] Building C object pico_tnc/CMakeFiles/pico_tnc.dir/packet_table.c.obj
[ 26%] Building C object pico_tnc/CMakeFiles/pico_tnc.dir/usb_input.c.obj
[ 27%] Building C object pico_tnc/CMakeFiles/pico_tnc.dir/usb_output.c.obj
[ 27%] Building C object pico_tnc/CMakeFiles/pico_tnc.dir/cmd.c.obj
[ 28%] Building C object pico_tnc/CMakeFiles/pico_tnc.dir/serial.c.obj
[ 29%] Building C object pico_tnc/CMakeFiles/pico_tnc.dir/tty.c.obj
[ 30%] Building C object pico_tnc/CMakeFiles/pico_tnc.dir/flash.c.obj
[ 31%] Building C object pico_tnc/CMakeFiles/pico_tnc.dir/gps.c.obj
[ 31%] Building C object pico_tnc/CMakeFiles/pico_tnc.dir/unproto.c.obj
[ 32%] Building C object pico_tnc/CMakeFiles/pico_tnc.dir/digipeat.c.obj
[ 33%] Building C object pico_tnc/CMakeFiles/pico_tnc.dir/beacon.c.obj
[ 34%] Building C object pico_tnc/CMakeFiles/pico_tnc.dir/kiss.c.obj
[ 35%] Building C object pico_tnc/CMakeFiles/pico_tnc.dir/keypad.c.obj
[ 36%] Building C object pico_tnc/CMakeFiles/pico_tnc.dir/oled.c.obj
[ 36%] Building C object pico_tnc/CMakeFiles/pico_tnc.dir/encoder.c.obj
[ 37%] Building C object pico_tnc/CMakeFiles/pico_tnc.dir/transceiver.c.obj
[ 38%] Building C object pico_tnc/CMakeFiles/pico_tnc.dir/pico-ssd1306/ssd1306.c.obj
[ 39%] Building C object pico_tnc/CMakeFiles/pico_tnc.dir/C_/VSARM/sdk/pico/pico-sdk/src/rp2_common/pico_stdlib/stdlib.c.obj
[ 40%] Building C object pico_tnc/CMakeFiles/pico_tnc.dir/C_/VSARM/sdk/pico/pico-sdk/src/rp2_common/hardware_gpio/gpio.c.obj
[ 40%] Building C object pico_tnc/CMakeFiles/pico_tnc.dir/C_/VSARM/sdk/pico/pico-sdk/src/rp2_common/hardware_claim/claim.c.obj
[ 41%] Building C object pico_tnc/CMakeFiles/pico_tnc.dir/C_/VSARM/sdk/pico/pico-sdk/src/rp2_common/pico_platform/platform.c.obj
[ 42%] Building C object pico_tnc/CMakeFiles/pico_tnc.dir/C_/VSARM/sdk/pico/pico-sdk/src/rp2_common/hardware_sync/sync.c.obj
[ 43%] Building C object pico_tnc/CMakeFiles/pico_tnc.dir/C_/VSARM/sdk/pico/pico-sdk/src/rp2_common/hardware_uart/uart.c.obj
[ 44%] Building ASM object pico_tnc/CMakeFiles/pico_tnc.dir/C_/VSARM/sdk/pico/pico-sdk/src/rp2_common/hardware_divider/divider.S.obj
[ 45%] Building C object pico_tnc/CMakeFiles/pico_tnc.dir/C_/VSARM/sdk/pico/pico-sdk/src/common/pico_time/time.c.obj
[ 45%] Building C object pico_tnc/CMakeFiles/pico_tnc.dir/C_/VSARM/sdk/pico/pico-sdk/src/common/pico_time/timeout_helper.c.obj
[ 46%] Building C object pico_tnc/CMakeFiles/pico_tnc.dir/C_/VSARM/sdk/pico/pico-sdk/src/rp2_common/hardware_timer/timer.c.obj
[ 47%] Building C object pico_tnc/CMakeFiles/pico_tnc.dir/C_/VSARM/sdk/pico/pico-sdk/src/common/pico_sync/sem.c.obj
[ 48%] Building C object pico_tnc/CMakeFiles/pico_tnc.dir/C_/VSARM/sdk/pico/pico-sdk/src/common/pico_sync/lock_core.c.obj
[ 49%] Building C object pico_tnc/CMakeFiles/pico_tnc.dir/C_/VSARM/sdk/pico/pico-sdk/src/common/pico_sync/mutex.c.obj
[ 50%] Building C object pico_tnc/CMakeFiles/pico_tnc.dir/C_/VSARM/sdk/pico/pico-sdk/src/common/pico_sync/critical_section.c.obj
[ 50%] Building C object pico_tnc/CMakeFiles/pico_tnc.dir/C_/VSARM/sdk/pico/pico-sdk/src/common/pico_util/datetime.c.obj
[ 51%] Building C object pico_tnc/CMakeFiles/pico_tnc.dir/C_/VSARM/sdk/pico/pico-sdk/src/common/pico_util/pheap.c.obj
[ 52%] Building C object pico_tnc/CMakeFiles/pico_tnc.dir/C_/VSARM/sdk/pico/pico-sdk/src/common/pico_util/queue.c.obj
[ 53%] Building C object pico_tnc/CMakeFiles/pico_tnc.dir/C_/VSARM/sdk/pico/pico-sdk/src/rp2_common/pico_runtime/runtime.c.obj
[ 54%] Building C object pico_tnc/CMakeFiles/pico_tnc.dir/C_/VSARM/sdk/pico/pico-sdk/src/rp2_common/hardware_clocks/clocks.c.obj
[ 54%] Building C object pico_tnc/CMakeFiles/pico_tnc.dir/C_/VSARM/sdk/pico/pico-sdk/src/rp2_common/hardware_irq/irq.c.obj
[ 55%] Building ASM object pico_tnc/CMakeFiles/pico_tnc.dir/C_/VSARM/sdk/pico/pico-sdk/src/rp2_common/hardware_irq/irq_handler_chain.S.obj
[ 56%] Building C object pico_tnc/CMakeFiles/pico_tnc.dir/C_/VSARM/sdk/pico/pico-sdk/src/rp2_common/hardware_pll/pll.c.obj
[ 57%] Building C object pico_tnc/CMakeFiles/pico_tnc.dir/C_/VSARM/sdk/pico/pico-sdk/src/rp2_common/hardware_vreg/vreg.c.obj
[ 58%] Building C object pico_tnc/CMakeFiles/pico_tnc.dir/C_/VSARM/sdk/pico/pico-sdk/src/rp2_common/hardware_watchdog/watchdog.c.obj
[ 59%] Building C object pico_tnc/CMakeFiles/pico_tnc.dir/C_/VSARM/sdk/pico/pico-sdk/src/rp2_common/hardware_xosc/xosc.c.obj
[ 59%] Building C object pico_tnc/CMakeFiles/pico_tnc.dir/C_/VSARM/sdk/pico/pico-sdk/src/rp2_common/pico_printf/printf.c.obj
[ 60%] Building ASM object pico_tnc/CMakeFiles/pico_tnc.dir/C_/VSARM/sdk/pico/pico-sdk/src/rp2_common/pico_bit_ops/bit_ops_aeabi.S.obj
[ 61%] Building C object pico_tnc/CMakeFiles/pico_tnc.dir/C_/VSARM/sdk/pico/pico-sdk/src/rp2_common/pico_bootrom/bootrom.c.obj
[ 62%] Building ASM object pico_tnc/CMakeFiles/pico_tnc.dir/C_/VSARM/sdk/pico/pico-sdk/src/rp2_common/pico_divider/divider.S.obj
[ 63%] Building ASM object pico_tnc/CMakeFiles/pico_tnc.dir/C_/VSARM/sdk/pico/pico-sdk/src/rp2_common/pico_double/double_aeabi.S.obj
[ 63%] Building C object pico_tnc/CMakeFiles/pico_tnc.dir/C_/VSARM/sdk/pico/pico-sdk/src/rp2_common/pico_double/double_init_rom.c.obj
[ 64%] Building C object pico_tnc/CMakeFiles/pico_tnc.dir/C_/VSARM/sdk/pico/pico-sdk/src/rp2_common/pico_double/double_math.c.obj
[ 65%] Building ASM object pico_tnc/CMakeFiles/pico_tnc.dir/C_/VSARM/sdk/pico/pico-sdk/src/rp2_common/pico_double/double_v1_rom_shim.S.obj
[ 66%] Building ASM object pico_tnc/CMakeFiles/pico_tnc.dir/C_/VSARM/sdk/pico/pico-sdk/src/rp2_common/pico_int64_ops/pico_int64_ops_aeabi.S.obj
[ 67%] Building ASM object pico_tnc/CMakeFiles/pico_tnc.dir/C_/VSARM/sdk/pico/pico-sdk/src/rp2_common/pico_float/float_aeabi.S.obj
[ 68%] Building C object pico_tnc/CMakeFiles/pico_tnc.dir/C_/VSARM/sdk/pico/pico-sdk/src/rp2_common/pico_float/float_init_rom.c.obj
[ 68%] Building C object pico_tnc/CMakeFiles/pico_tnc.dir/C_/VSARM/sdk/pico/pico-sdk/src/rp2_common/pico_float/float_math.c.obj
[ 69%] Building ASM object pico_tnc/CMakeFiles/pico_tnc.dir/C_/VSARM/sdk/pico/pico-sdk/src/rp2_common/pico_float/float_v1_rom_shim.S.obj
[ 70%] Building C object pico_tnc/CMakeFiles/pico_tnc.dir/C_/VSARM/sdk/pico/pico-sdk/src/rp2_common/pico_malloc/pico_malloc.c.obj
[ 71%] Building ASM object pico_tnc/CMakeFiles/pico_tnc.dir/C_/VSARM/sdk/pico/pico-sdk/src/rp2_common/pico_mem_ops/mem_ops_aeabi.S.obj
[ 72%] Building ASM object pico_tnc/CMakeFiles/pico_tnc.dir/C_/VSARM/sdk/pico/pico-sdk/src/rp2_common/pico_standard_link/crt0.S.obj
[ 72%] Building CXX object pico_tnc/CMakeFiles/pico_tnc.dir/C_/VSARM/sdk/pico/pico-sdk/src/rp2_common/pico_standard_link/new_delete.cpp.obj
[ 73%] Building C object pico_tnc/CMakeFiles/pico_tnc.dir/C_/VSARM/sdk/pico/pico-sdk/src/rp2_common/pico_standard_link/binary_info.c.obj
[ 74%] Building C object pico_tnc/CMakeFiles/pico_tnc.dir/C_/VSARM/sdk/pico/pico-sdk/src/rp2_common/pico_stdio/stdio.c.obj
[ 75%] Building C object pico_tnc/CMakeFiles/pico_tnc.dir/C_/VSARM/sdk/pico/pico-sdk/src/rp2_common/pico_stdio_uart/stdio_uart.c.obj
[ 76%] Building C object pico_tnc/CMakeFiles/pico_tnc.dir/C_/VSARM/sdk/pico/pico-sdk/src/rp2_common/pico_stdio_usb/reset_interface.c.obj
[ 77%] Building C object pico_tnc/CMakeFiles/pico_tnc.dir/C_/VSARM/sdk/pico/pico-sdk/src/rp2_common/pico_stdio_usb/stdio_usb.c.obj
[ 77%] Building C object pico_tnc/CMakeFiles/pico_tnc.dir/C_/VSARM/sdk/pico/pico-sdk/src/rp2_common/pico_stdio_usb/stdio_usb_descriptors.c.obj
[ 78%] Building C object pico_tnc/CMakeFiles/pico_tnc.dir/C_/VSARM/sdk/pico/pico-sdk/lib/tinyusb/src/portable/raspberrypi/rp2040/dcd_rp2040.c.obj
[ 79%] Building C object pico_tnc/CMakeFiles/pico_tnc.dir/C_/VSARM/sdk/pico/pico-sdk/lib/tinyusb/src/portable/raspberrypi/rp2040/rp2040_usb.c.obj
[ 80%] Building C object pico_tnc/CMakeFiles/pico_tnc.dir/C_/VSARM/sdk/pico/pico-sdk/lib/tinyusb/src/device/usbd.c.obj
[ 81%] Building C object pico_tnc/CMakeFiles/pico_tnc.dir/C_/VSARM/sdk/pico/pico-sdk/lib/tinyusb/src/device/usbd_control.c.obj
[ 81%] Building C object pico_tnc/CMakeFiles/pico_tnc.dir/C_/VSARM/sdk/pico/pico-sdk/lib/tinyusb/src/class/audio/audio_device.c.obj
[ 82%] Building C object pico_tnc/CMakeFiles/pico_tnc.dir/C_/VSARM/sdk/pico/pico-sdk/lib/tinyusb/src/class/cdc/cdc_device.c.obj
C:\VSARM\sdk\pico\pico-sdk\lib\tinyusb\src\portable\raspberrypi\rp2040\rp2040_usb.c: In function 'rp2040_usb_init':
C:\VSARM\sdk\pico\pico-sdk\lib\tinyusb\src\portable\raspberrypi\rp2040\rp2040_usb.c:61:3: warning: 'memset' writing 156 bytes into a region of size 0 overflows the destination [-Wstringop-overflow=]
   61 |   memset(usb_hw, 0, sizeof(*usb_hw));
      |   ^~~~~~~~~~~~~~~~~~~~~~~~~~~~~~~~~~
C:\VSARM\sdk\pico\pico-sdk\lib\tinyusb\src\portable\raspberrypi\rp2040\rp2040_usb.c:62:3: warning: 'memset' writing 4096 bytes into a region of size 0 overflows the destination [-Wstringop-overflow=]
   62 |   memset(usb_dpram, 0, sizeof(*usb_dpram));
      |   ^~~~~~~~~~~~~~~~~~~~~~~~~~~~~~~~~~~~~~~~
[ 83%] Building C object pico_tnc/CMakeFiles/pico_tnc.dir/C_/VSARM/sdk/pico/pico-sdk/lib/tinyusb/src/class/dfu/dfu_device.c.obj
[ 84%] Building C object pico_tnc/CMakeFiles/pico_tnc.dir/C_/VSARM/sdk/pico/pico-sdk/lib/tinyusb/src/class/dfu/dfu_rt_device.c.obj
[ 85%] Building C object pico_tnc/CMakeFiles/pico_tnc.dir/C_/VSARM/sdk/pico/pico-sdk/lib/tinyusb/src/class/hid/hid_device.c.obj
[ 86%] Building C object pico_tnc/CMakeFiles/pico_tnc.dir/C_/VSARM/sdk/pico/pico-sdk/lib/tinyusb/src/class/midi/midi_device.c.obj
[ 86%] Building C object pico_tnc/CMakeFiles/pico_tnc.dir/C_/VSARM/sdk/pico/pico-sdk/lib/tinyusb/src/class/msc/msc_device.c.obj
[ 87%] Building C object pico_tnc/CMakeFiles/pico_tnc.dir/C_/VSARM/sdk/pico/pico-sdk/lib/tinyusb/src/class/net/ecm_rndis_device.c.obj
[ 88%] Building C object pico_tnc/CMakeFiles/pico_tnc.dir/C_/VSARM/sdk/pico/pico-sdk/lib/tinyusb/src/class/net/ncm_device.c.obj
[ 89%] Building C object pico_tnc/CMakeFiles/pico_tnc.dir/C_/VSARM/sdk/pico/pico-sdk/lib/tinyusb/src/class/usbtmc/usbtmc_device.c.obj
[ 90%] Building C object pico_tnc/CMakeFiles/pico_tnc.dir/C_/VSARM/sdk/pico/pico-sdk/lib/tinyusb/src/class/vendor/vendor_device.c.obj
[ 90%] Building C object pico_tnc/CMakeFiles/pico_tnc.dir/C_/VSARM/sdk/pico/pico-sdk/lib/tinyusb/src/class/video/video_device.c.obj
[ 91%] Building C object pico_tnc/CMakeFiles/pico_tnc.dir/C_/VSARM/sdk/pico/pico-sdk/lib/tinyusb/src/tusb.c.obj
[ 92%] Building C object pico_tnc/CMakeFiles/pico_tnc.dir/C_/VSARM/sdk/pico/pico-sdk/lib/tinyusb/src/common/tusb_fifo.c.obj
[ 93%] Building C object pico_tnc/CMakeFiles/pico_tnc.dir/C_/VSARM/sdk/pico/pico-sdk/src/rp2_common/pico_fix/rp2040_usb_device_enumeration/rp2040_usb_device_enumeration.c.obj
[ 94%] Building C object pico_tnc/CMakeFiles/pico_tnc.dir/C_/VSARM/sdk/pico/pico-sdk/src/rp2_common/pico_unique_id/unique_id.c.obj
[ 95%] Building C object pico_tnc/CMakeFiles/pico_tnc.dir/C_/VSARM/sdk/pico/pico-sdk/src/rp2_common/hardware_flash/flash.c.obj
[ 95%] Building C object pico_tnc/CMakeFiles/pico_tnc.dir/C_/VSARM/sdk/pico/pico-sdk/src/rp2_common/hardware_adc/adc.c.obj
[ 96%] Building C object pico_tnc/CMakeFiles/pico_tnc.dir/C_/VSARM/sdk/pico/pico-sdk/src/rp2_common/hardware_dma/dma.c.obj
[ 97%] Building C object pico_tnc/CMakeFiles/pico_tnc.dir/C_/VSARM/sdk/pico/pico-sdk/src/rp2_common/hardware_i2c/i2c.c.obj
[ 98%] Building C object pico_tnc/CMakeFiles/pico_tnc.dir/C_/VSARM/sdk/pico/pico-sdk/src/rp2_common/hardware_pio/pio.c.obj
[100%] Linking CXX executable pico_tnc.elf
[100%] Built target pico_tnc

LM@DESKTOP-OMHDT69 MINGW64 /c/funk/pico_tnc/build (master)
$ 
